<?xml version="1.0" encoding="UTF-8"?>
<!-- Generated by org.testng.reporters.JUnitReportReporter -->
<testsuite hostname="DESKTOP-K0VFQBT" failures="0" tests="1" name="testCases.TC001_AccountRegistrationTest" time="9.758" errors="0" timestamp="2025-04-05T20:14:55 PDT" skipped="0">
  <testcase classname="testCases.TC001_AccountRegistrationTest" name="veryfy_account_registration" time="9.758"/>
</testsuite> <!-- testCases.TC001_AccountRegistrationTest -->
