<?xml version="1.0" encoding="UTF-8"?>
<!-- Generated by org.testng.reporters.JUnitReportReporter -->
<testsuite hostname="DESKTOP-K0VFQBT" failures="0" tests="1" name="testCases.TS001_AccountRegistrationTest" time="9.965" errors="0" timestamp="2025-04-02T16:45:08 PDT" skipped="0">
  <testcase classname="testCases.TS001_AccountRegistrationTest" name="veryfy_account_registration" time="9.965"/>
</testsuite> <!-- testCases.TS001_AccountRegistrationTest -->
